0    WARN  [2014-10-19 20:07:46]  Going to buffer response body of large or unknown size. Using getResponseBodyAsStream instead is recommended.
0    DEBUG [2014-10-19 20:40:01]  Request:
1    DEBUG [2014-10-19 20:40:01]  POSThttps://api.weibo.com/oauth2/get_token_info
1124 DEBUG [2014-10-19 20:40:03]  Response:
1124 DEBUG [2014-10-19 20:40:03]  https StatusCode:200
1124 DEBUG [2014-10-19 20:40:03]  Server:nginx/1.2.0
1124 DEBUG [2014-10-19 20:40:03]  Date:Sun, 19 Oct 2014 12:38:47 GMT
1125 DEBUG [2014-10-19 20:40:03]  Content-Type:text/plain;charset=UTF-8
1125 DEBUG [2014-10-19 20:40:03]  Content-Length:98
1125 DEBUG [2014-10-19 20:40:03]  Connection:keep-alive
1125 DEBUG [2014-10-19 20:40:03]  Pragma:No-cache
1125 DEBUG [2014-10-19 20:40:03]  Cache-Control:no-cache
1125 DEBUG [2014-10-19 20:40:03]  Expires:Thu, 01 Jan 1970 00:00:00 GMT
1126 DEBUG [2014-10-19 20:40:03]  Api-Server-IP:10.75.2.83
1130 DEBUG [2014-10-19 20:40:03]  {"uid":1787568623,"appkey":"2359627633","scope":null,"create_at":1413720438,"expire_in":157678110}

0    DEBUG [2014-10-19 20:42:28]  Request:
1    DEBUG [2014-10-19 20:42:28]  POSThttps://api.weibo.com/oauth2/get_token_info
964  DEBUG [2014-10-19 20:42:29]  Response:
964  DEBUG [2014-10-19 20:42:29]  https StatusCode:200
964  DEBUG [2014-10-19 20:42:29]  Server:nginx/1.2.0
964  DEBUG [2014-10-19 20:42:29]  Date:Sun, 19 Oct 2014 12:41:13 GMT
964  DEBUG [2014-10-19 20:42:29]  Content-Type:text/plain;charset=UTF-8
965  DEBUG [2014-10-19 20:42:29]  Content-Length:98
965  DEBUG [2014-10-19 20:42:29]  Connection:keep-alive
965  DEBUG [2014-10-19 20:42:29]  Pragma:No-cache
965  DEBUG [2014-10-19 20:42:29]  Cache-Control:no-cache
965  DEBUG [2014-10-19 20:42:29]  Expires:Thu, 01 Jan 1970 00:00:00 GMT
965  DEBUG [2014-10-19 20:42:29]  Api-Server-IP:10.75.25.114
978  DEBUG [2014-10-19 20:42:29]  {"uid":1787568623,"appkey":"2359627633","scope":null,"create_at":1413720438,"expire_in":157677964}

0    DEBUG [2014-10-19 20:44:07]  Request:
1    DEBUG [2014-10-19 20:44:07]  POSThttps://api.weibo.com/oauth2/get_token_info
1155 DEBUG [2014-10-19 20:44:09]  Response:
1156 DEBUG [2014-10-19 20:44:09]  https StatusCode:200
1156 DEBUG [2014-10-19 20:44:09]  Server:nginx/1.2.0
1156 DEBUG [2014-10-19 20:44:09]  Date:Sun, 19 Oct 2014 12:42:53 GMT
1156 DEBUG [2014-10-19 20:44:09]  Content-Type:text/plain;charset=UTF-8
1156 DEBUG [2014-10-19 20:44:09]  Content-Length:98
1157 DEBUG [2014-10-19 20:44:09]  Connection:keep-alive
1157 DEBUG [2014-10-19 20:44:09]  Pragma:No-cache
1157 DEBUG [2014-10-19 20:44:09]  Cache-Control:no-cache
1157 DEBUG [2014-10-19 20:44:09]  Expires:Thu, 01 Jan 1970 00:00:00 GMT
1157 DEBUG [2014-10-19 20:44:09]  Api-Server-IP:10.75.25.114
1162 DEBUG [2014-10-19 20:44:09]  {"uid":1787568623,"appkey":"2359627633","scope":null,"create_at":1413720438,"expire_in":157677864}

0    DEBUG [2014-10-19 20:46:26]  Request:
1    DEBUG [2014-10-19 20:46:26]  POSThttps://api.weibo.com/oauth2/get_token_info
982  DEBUG [2014-10-19 20:46:27]  Response:
983  DEBUG [2014-10-19 20:46:27]  https StatusCode:200
983  DEBUG [2014-10-19 20:46:27]  Server:nginx/1.2.0
983  DEBUG [2014-10-19 20:46:27]  Date:Sun, 19 Oct 2014 12:45:11 GMT
983  DEBUG [2014-10-19 20:46:27]  Content-Type:text/plain;charset=UTF-8
983  DEBUG [2014-10-19 20:46:27]  Content-Length:98
984  DEBUG [2014-10-19 20:46:27]  Connection:keep-alive
984  DEBUG [2014-10-19 20:46:27]  Pragma:No-cache
984  DEBUG [2014-10-19 20:46:27]  Cache-Control:no-cache
984  DEBUG [2014-10-19 20:46:27]  Expires:Thu, 01 Jan 1970 00:00:00 GMT
984  DEBUG [2014-10-19 20:46:27]  Api-Server-IP:10.75.25.114
996  DEBUG [2014-10-19 20:46:27]  {"uid":1787568623,"appkey":"2359627633","scope":null,"create_at":1413720438,"expire_in":157677726}

0    DEBUG [2014-10-19 21:48:20]  Request:
1    DEBUG [2014-10-19 21:48:20]  POST https://api.weibo.com/oauth2/get_token_info
2009 DEBUG [2014-10-19 21:48:22]  Response:
2009 DEBUG [2014-10-19 21:48:22]  https StatusCode:200
2009 DEBUG [2014-10-19 21:48:22]  Server:nginx/1.2.0
2009 DEBUG [2014-10-19 21:48:22]  Date:Sun, 19 Oct 2014 13:47:06 GMT
2010 DEBUG [2014-10-19 21:48:22]  Content-Type:text/plain;charset=UTF-8
2010 DEBUG [2014-10-19 21:48:22]  Content-Length:98
2010 DEBUG [2014-10-19 21:48:22]  Connection:keep-alive
2010 DEBUG [2014-10-19 21:48:22]  Pragma:No-cache
2010 DEBUG [2014-10-19 21:48:22]  Cache-Control:no-cache
2011 DEBUG [2014-10-19 21:48:22]  Expires:Thu, 01 Jan 1970 00:00:00 GMT
2011 DEBUG [2014-10-19 21:48:22]  Api-Server-IP:10.75.25.115
2014 DEBUG [2014-10-19 21:48:22]  {"uid":1787568623,"appkey":"2359627633","scope":null,"create_at":1413720438,"expire_in":157674012}

0    DEBUG [2014-10-19 21:50:20]  Request:
1    DEBUG [2014-10-19 21:50:20]  POST https://api.weibo.com/oauth2/get_token_info
2948 DEBUG [2014-10-19 21:50:23]  Response:
2948 DEBUG [2014-10-19 21:50:23]  https StatusCode:200
2948 DEBUG [2014-10-19 21:50:23]  Server:nginx/1.2.0
2949 DEBUG [2014-10-19 21:50:23]  Date:Sun, 19 Oct 2014 13:49:07 GMT
2949 DEBUG [2014-10-19 21:50:23]  Content-Type:text/plain;charset=UTF-8
2949 DEBUG [2014-10-19 21:50:23]  Content-Length:98
2949 DEBUG [2014-10-19 21:50:23]  Connection:keep-alive
2949 DEBUG [2014-10-19 21:50:23]  Pragma:No-cache
2949 DEBUG [2014-10-19 21:50:23]  Cache-Control:no-cache
2950 DEBUG [2014-10-19 21:50:23]  Expires:Thu, 01 Jan 1970 00:00:00 GMT
2950 DEBUG [2014-10-19 21:50:23]  Api-Server-IP:10.73.89.47
2963 DEBUG [2014-10-19 21:50:23]  {"uid":1787568623,"appkey":"2359627633","scope":null,"create_at":1413726503,"expire_in":157679959}

0    DEBUG [2014-10-20 16:15:08]  Request:
1    DEBUG [2014-10-20 16:15:08]  POST https://api.weibo.com/2/statuses/update.json
1391 DEBUG [2014-10-20 16:15:09]  Response:
1391 DEBUG [2014-10-20 16:15:09]  https StatusCode:200
1391 DEBUG [2014-10-20 16:15:09]  Server:nginx/1.2.0
1392 DEBUG [2014-10-20 16:15:09]  Date:Mon, 20 Oct 2014 08:13:51 GMT
1392 DEBUG [2014-10-20 16:15:09]  Content-Type:application/json;charset=UTF-8
1392 DEBUG [2014-10-20 16:15:09]  Transfer-Encoding:chunked
1392 DEBUG [2014-10-20 16:15:09]  Connection:keep-alive
1392 DEBUG [2014-10-20 16:15:09]  Api-Server-IP:10.75.0.170
1392 DEBUG [2014-10-20 16:15:09]  Vary:Accept-Encoding
1396 WARN  [2014-10-20 16:15:09]  Going to buffer response body of large or unknown size. Using getResponseBodyAsStream instead is recommended.
1397 DEBUG [2014-10-20 16:15:09]  {"created_at":"Mon Oct 20 16:13:51 +0800 2014","id":3767782577818675,"mid":"3767782577818675","idstr":"3767782577818675","text":"test+only+for+test%21%21%21%21%21","source":"<a href=\"http://open.weibo.com\" rel=\"nofollow\">未通过审核应用</a>","source_type":1,"favorited":false,"truncated":false,"in_reply_to_status_id":"","in_reply_to_user_id":"","in_reply_to_screen_name":"","pic_urls":[],"geo":null,"user":{"id":1772703552,"idstr":"1772703552","class":1,"screen_name":"我思——我在_l8x_nca_gth","name":"我思——我在_l8x_nca_gth","province":"51","city":"1","location":"四川 成都","description":"","url":"","profile_image_url":"http://tp1.sinaimg.cn/1772703552/50/0/1","profile_url":"u/1772703552","domain":"","weihao":"","gender":"m","followers_count":0,"friends_count":21,"pagefriends_count":0,"statuses_count":1,"favourites_count":0,"created_at":"Wed Jul 28 23:21:53 +0800 2010","following":false,"allow_all_act_msg":false,"geo_enabled":true,"verified":false,"verified_type":-1,"remark":"","ptype":0,"allow_all_comment":true,"avatar_large":"http://tp1.sinaimg.cn/1772703552/180/0/1","avatar_hd":"http://tp1.sinaimg.cn/1772703552/180/0/1","verified_reason":"","verified_trade":"","verified_reason_url":"","verified_source":"","verified_source_url":"","follow_me":false,"online_status":0,"bi_followers_count":0,"lang":"zh-cn","star":0,"mbtype":0,"mbrank":0,"block_word":0,"block_app":0,"credit_score":-1},"reposts_count":0,"comments_count":0,"attitudes_count":0,"mlevel":0,"visible":{"type":0,"list_id":0},"darwin_tags":[]}

